{"/Users/lap15616/Documents/hanp2/projects/media-scraper/apps/backend/src/app.controller.ts": {"path":"/Users/lap15616/Documents/hanp2/projects/media-scraper/apps/backend/src/app.controller.ts","statementMap":{"0":{"start":{"line":1,"column":0},"end":{"line":1,"column":49}},"1":{"start":{"line":2,"column":0},"end":{"line":2,"column":43}},"2":{"start":{"line":5,"column":7},"end":{"line":12,"column":null}},"3":{"start":{"line":6,"column":31},"end":{"line":6,"column":43}},"4":{"start":{"line":10,"column":4},"end":{"line":10,"column":38}},"5":{"start":{"line":5,"column":13},"end":{"line":5,"column":26}},"6":{"start":{"line":9,"column":2},"end":{"line":11,"column":null}},"7":{"start":{"line":5,"column":13},"end":{"line":12,"column":null}}},"fnMap":{"0":{"name":"(anonymous_2)","decl":{"start":{"line":6,"column":2},"end":{"line":6,"column":31}},"loc":{"start":{"line":6,"column":53},"end":{"line":6,"column":57}}},"1":{"name":"(anonymous_3)","decl":{"start":{"line":9,"column":2},"end":{"line":9,"column":10}},"loc":{"start":{"line":9,"column":10},"end":{"line":11,"column":3}}}},"branchMap":{},"s":{"0":1,"1":1,"2":1,"3":1,"4":1,"5":1,"6":1,"7":1},"f":{"0":1,"1":1},"b":{}}
,"/Users/lap15616/Documents/hanp2/projects/media-scraper/apps/backend/src/app.module.ts": {"path":"/Users/lap15616/Documents/hanp2/projects/media-scraper/apps/backend/src/app.module.ts","statementMap":{"0":{"start":{"line":1,"column":0},"end":{"line":1,"column":40}},"1":{"start":{"line":2,"column":0},"end":{"line":2,"column":48}},"2":{"start":{"line":3,"column":0},"end":{"line":3,"column":49}},"3":{"start":{"line":4,"column":0},"end":{"line":4,"column":43}},"4":{"start":{"line":5,"column":0},"end":{"line":5,"column":45}},"5":{"start":{"line":6,"column":0},"end":{"line":6,"column":51}},"6":{"start":{"line":7,"column":0},"end":{"line":7,"column":60}},"7":{"start":{"line":26,"column":7},"end":{"line":26,"column":null}},"8":{"start":{"line":26,"column":13},"end":{"line":26,"column":22}},"9":{"start":{"line":26,"column":13},"end":{"line":26,"column":null}}},"fnMap":{},"branchMap":{},"s":{"0":0,"1":0,"2":0,"3":0,"4":0,"5":0,"6":0,"7":0,"8":0,"9":0},"f":{},"b":{}}
,"/Users/lap15616/Documents/hanp2/projects/media-scraper/apps/backend/src/app.service.ts": {"path":"/Users/lap15616/Documents/hanp2/projects/media-scraper/apps/backend/src/app.service.ts","statementMap":{"0":{"start":{"line":1,"column":0},"end":{"line":1,"column":44}},"1":{"start":{"line":4,"column":7},"end":{"line":8,"column":null}},"2":{"start":{"line":6,"column":4},"end":{"line":6,"column":26}},"3":{"start":{"line":4,"column":13},"end":{"line":4,"column":23}},"4":{"start":{"line":4,"column":13},"end":{"line":8,"column":null}}},"fnMap":{"0":{"name":"(anonymous_1)","decl":{"start":{"line":5,"column":2},"end":{"line":5,"column":10}},"loc":{"start":{"line":5,"column":10},"end":{"line":7,"column":3}}}},"branchMap":{},"s":{"0":1,"1":1,"2":1,"3":1,"4":1},"f":{"0":1},"b":{}}
,"/Users/lap15616/Documents/hanp2/projects/media-scraper/apps/backend/src/main.ts": {"path":"/Users/lap15616/Documents/hanp2/projects/media-scraper/apps/backend/src/main.ts","statementMap":{"0":{"start":{"line":1,"column":0},"end":{"line":1,"column":26}},"1":{"start":{"line":2,"column":0},"end":{"line":2,"column":43}},"2":{"start":{"line":3,"column":0},"end":{"line":3,"column":65}},"3":{"start":{"line":4,"column":0},"end":{"line":4,"column":41}},"4":{"start":{"line":7,"column":14},"end":{"line":7,"column":49}},"5":{"start":{"line":8,"column":2},"end":{"line":8,"column":19}},"6":{"start":{"line":10,"column":17},"end":{"line":15,"column":12}},"7":{"start":{"line":16,"column":19},"end":{"line":16,"column":60}},"8":{"start":{"line":17,"column":2},"end":{"line":17,"column":49}},"9":{"start":{"line":19,"column":2},"end":{"line":19,"column":25}},"10":{"start":{"line":21,"column":0},"end":{"line":21,"column":12}}},"fnMap":{"0":{"name":"bootstrap","decl":{"start":{"line":6,"column":15},"end":{"line":6,"column":24}},"loc":{"start":{"line":6,"column":24},"end":{"line":20,"column":1}}}},"branchMap":{},"s":{"0":0,"1":0,"2":0,"3":0,"4":0,"5":0,"6":0,"7":0,"8":0,"9":0,"10":0},"f":{"0":0},"b":{}}
,"/Users/lap15616/Documents/hanp2/projects/media-scraper/apps/backend/src/common/error-codes.ts": {"path":"/Users/lap15616/Documents/hanp2/projects/media-scraper/apps/backend/src/common/error-codes.ts","statementMap":{"0":{"start":{"line":1,"column":0},"end":{"line":1,"column":null}},"1":{"start":{"line":2,"column":2},"end":{"line":2,"column":null}},"2":{"start":{"line":3,"column":2},"end":{"line":3,"column":null}},"3":{"start":{"line":4,"column":2},"end":{"line":4,"column":null}},"4":{"start":{"line":5,"column":2},"end":{"line":5,"column":null}},"5":{"start":{"line":6,"column":2},"end":{"line":6,"column":null}},"6":{"start":{"line":9,"column":13},"end":{"line":16,"column":2}}},"fnMap":{"0":{"name":"(anonymous_0)","decl":{"start":{"line":1,"column":0},"end":{"line":1,"column":12}},"loc":{"start":{"line":1,"column":24},"end":{"line":7,"column":1}}}},"branchMap":{"0":{"loc":{"start":{"line":1,"column":12},"end":{"line":1,"column":null}},"type":"binary-expr","locations":[{"start":{"line":1,"column":12},"end":{"line":1,"column":24}},{"start":{"line":1,"column":24},"end":{"line":1,"column":null}}]}},"s":{"0":0,"1":0,"2":0,"3":0,"4":0,"5":0,"6":0},"f":{"0":0},"b":{"0":[0,0]}}
,"/Users/lap15616/Documents/hanp2/projects/media-scraper/apps/backend/src/media/media.controller.ts": {"path":"/Users/lap15616/Documents/hanp2/projects/media-scraper/apps/backend/src/media/media.controller.ts","statementMap":{"0":{"start":{"line":1,"column":0},"end":{"line":1,"column":78}},"1":{"start":{"line":2,"column":0},"end":{"line":2,"column":null}},"2":{"start":{"line":9,"column":0},"end":{"line":9,"column":47}},"3":{"start":{"line":13,"column":7},"end":{"line":60,"column":null}},"4":{"start":{"line":14,"column":31},"end":{"line":14,"column":45}},"5":{"start":{"line":37,"column":4},"end":{"line":37,"column":49}},"6":{"start":{"line":53,"column":4},"end":{"line":58,"column":6}},"7":{"start":{"line":13,"column":13},"end":{"line":13,"column":28}},"8":{"start":{"line":36,"column":8},"end":{"line":38,"column":null}},"9":{"start":{"line":47,"column":8},"end":{"line":59,"column":null}},"10":{"start":{"line":13,"column":13},"end":{"line":60,"column":null}}},"fnMap":{"0":{"name":"(anonymous_4)","decl":{"start":{"line":14,"column":2},"end":{"line":14,"column":31}},"loc":{"start":{"line":14,"column":57},"end":{"line":14,"column":61}}},"1":{"name":"(anonymous_5)","decl":{"start":{"line":36,"column":2},"end":{"line":36,"column":7}},"loc":{"start":{"line":36,"column":43},"end":{"line":38,"column":3}}},"2":{"name":"(anonymous_6)","decl":{"start":{"line":47,"column":2},"end":{"line":47,"column":7}},"loc":{"start":{"line":51,"column":35},"end":{"line":59,"column":3}}}},"branchMap":{"0":{"loc":{"start":{"line":54,"column":6},"end":{"line":54,"column":35}},"type":"cond-expr","locations":[{"start":{"line":54,"column":13},"end":{"line":54,"column":31}},{"start":{"line":54,"column":34},"end":{"line":54,"column":35}}]},"1":{"loc":{"start":{"line":55,"column":6},"end":{"line":55,"column":38}},"type":"cond-expr","locations":[{"start":{"line":55,"column":14},"end":{"line":55,"column":33}},{"start":{"line":55,"column":36},"end":{"line":55,"column":38}}]}},"s":{"0":1,"1":1,"2":1,"3":1,"4":4,"5":1,"6":2,"7":1,"8":1,"9":1,"10":1},"f":{"0":4,"1":1,"2":2},"b":{"0":[1,1],"1":[1,1]}}
,"/Users/lap15616/Documents/hanp2/projects/media-scraper/apps/backend/src/media/media.entity.ts": {"path":"/Users/lap15616/Documents/hanp2/projects/media-scraper/apps/backend/src/media/media.entity.ts","statementMap":{"0":{"start":{"line":1,"column":0},"end":{"line":1,"column":null}},"1":{"start":{"line":9,"column":7},"end":{"line":24,"column":null}},"2":{"start":{"line":9,"column":13},"end":{"line":9,"column":18}},"3":{"start":{"line":11,"column":2},"end":{"line":11,"column":null}},"4":{"start":{"line":14,"column":2},"end":{"line":14,"column":null}},"5":{"start":{"line":17,"column":2},"end":{"line":17,"column":16}},"6":{"start":{"line":20,"column":2},"end":{"line":20,"column":21}},"7":{"start":{"line":23,"column":2},"end":{"line":23,"column":null}},"8":{"start":{"line":9,"column":13},"end":{"line":24,"column":null}}},"fnMap":{},"branchMap":{},"s":{"0":2,"1":2,"2":2,"3":2,"4":2,"5":2,"6":2,"7":2,"8":2},"f":{},"b":{}}
,"/Users/lap15616/Documents/hanp2/projects/media-scraper/apps/backend/src/media/media.module.ts": {"path":"/Users/lap15616/Documents/hanp2/projects/media-scraper/apps/backend/src/media/media.module.ts","statementMap":{"0":{"start":{"line":1,"column":0},"end":{"line":1,"column":40}},"1":{"start":{"line":2,"column":0},"end":{"line":2,"column":48}},"2":{"start":{"line":3,"column":0},"end":{"line":3,"column":61}},"3":{"start":{"line":4,"column":0},"end":{"line":4,"column":60}},"4":{"start":{"line":5,"column":0},"end":{"line":5,"column":53}},"5":{"start":{"line":6,"column":0},"end":{"line":6,"column":39}},"6":{"start":{"line":7,"column":0},"end":{"line":7,"column":47}},"7":{"start":{"line":14,"column":7},"end":{"line":14,"column":null}},"8":{"start":{"line":14,"column":13},"end":{"line":14,"column":24}},"9":{"start":{"line":14,"column":13},"end":{"line":14,"column":null}}},"fnMap":{},"branchMap":{},"s":{"0":0,"1":0,"2":0,"3":0,"4":0,"5":0,"6":0,"7":0,"8":0,"9":0},"f":{},"b":{}}
,"/Users/lap15616/Documents/hanp2/projects/media-scraper/apps/backend/src/media/media.service.ts": {"path":"/Users/lap15616/Documents/hanp2/projects/media-scraper/apps/backend/src/media/media.service.ts","statementMap":{"0":{"start":{"line":1,"column":0},"end":{"line":1,"column":52}},"1":{"start":{"line":2,"column":0},"end":{"line":2,"column":51}},"2":{"start":{"line":4,"column":0},"end":{"line":4,"column":48}},"3":{"start":{"line":5,"column":0},"end":{"line":5,"column":75}},"4":{"start":{"line":6,"column":0},"end":{"line":6,"column":60}},"5":{"start":{"line":7,"column":0},"end":{"line":7,"column":39}},"6":{"start":{"line":9,"column":21},"end":{"line":9,"column":40}},"7":{"start":{"line":12,"column":7},"end":{"line":143,"column":null}},"8":{"start":{"line":13,"column":28},"end":{"line":13,"column":54}},"9":{"start":{"line":17,"column":21},"end":{"line":17,"column":49}},"10":{"start":{"line":19,"column":21},"end":{"line":19,"column":61}},"11":{"start":{"line":20,"column":21},"end":{"line":20,"column":37}},"12":{"start":{"line":26,"column":4},"end":{"line":26,"column":74}},"13":{"start":{"line":28,"column":21},"end":{"line":28,"column":22}},"14":{"start":{"line":29,"column":22},"end":{"line":29,"column":23}},"15":{"start":{"line":30,"column":22},"end":{"line":30,"column":23}},"16":{"start":{"line":32,"column":4},"end":{"line":98,"column":5}},"17":{"start":{"line":33,"column":6},"end":{"line":97,"column":7}},"18":{"start":{"line":35,"column":27},"end":{"line":37,"column":10}},"19":{"start":{"line":38,"column":20},"end":{"line":38,"column":30}},"20":{"start":{"line":40,"column":8},"end":{"line":53,"column":9}},"21":{"start":{"line":42,"column":12},"end":{"line":42,"column":77}},"22":{"start":{"line":43,"column":10},"end":{"line":52,"column":11}},"23":{"start":{"line":44,"column":12},"end":{"line":46,"column":14}},"24":{"start":{"line":47,"column":34},"end":{"line":49,"column":14}},"25":{"start":{"line":50,"column":12},"end":{"line":50,"column":48}},"26":{"start":{"line":51,"column":12},"end":{"line":51,"column":21}},"27":{"start":{"line":56,"column":25},"end":{"line":56,"column":65}},"28":{"start":{"line":59,"column":28},"end":{"line":59,"column":59}},"29":{"start":{"line":60,"column":8},"end":{"line":60,"column":30}},"30":{"start":{"line":61,"column":8},"end":{"line":61,"column":45}},"31":{"start":{"line":62,"column":8},"end":{"line":62,"column":49}},"32":{"start":{"line":63,"column":8},"end":{"line":63,"column":65}},"33":{"start":{"line":64,"column":8},"end":{"line":64,"column":40}},"34":{"start":{"line":65,"column":8},"end":{"line":65,"column":53}},"35":{"start":{"line":67,"column":8},"end":{"line":93,"column":9}},"36":{"start":{"line":69,"column":30},"end":{"line":75,"column":12}},"37":{"start":{"line":70,"column":22},"end":{"line":70,"column":33}},"38":{"start":{"line":71,"column":12},"end":{"line":71,"column":47}},"39":{"start":{"line":72,"column":12},"end":{"line":72,"column":59}},"40":{"start":{"line":73,"column":12},"end":{"line":73,"column":31}},"41":{"start":{"line":74,"column":12},"end":{"line":74,"column":21}},"42":{"start":{"line":78,"column":10},"end":{"line":78,"column":58}},"43":{"start":{"line":80,"column":10},"end":{"line":90,"column":11}},"44":{"start":{"line":82,"column":32},"end":{"line":83,"column":null}},"45":{"start":{"line":83,"column":48},"end":{"line":83,"column":64}},"46":{"start":{"line":88,"column":12},"end":{"line":88,"column":51}},"47":{"start":{"line":89,"column":12},"end":{"line":89,"column":45}},"48":{"start":{"line":92,"column":10},"end":{"line":92,"column":24}},"49":{"start":{"line":95,"column":8},"end":{"line":95,"column":70}},"50":{"start":{"line":96,"column":8},"end":{"line":96,"column":22}},"51":{"start":{"line":100,"column":4},"end":{"line":105,"column":6}},"52":{"start":{"line":119,"column":44},"end":{"line":124,"column":6}},"53":{"start":{"line":126,"column":4},"end":{"line":128,"column":5}},"54":{"start":{"line":127,"column":7},"end":{"line":127,"column":41}},"55":{"start":{"line":130,"column":4},"end":{"line":132,"column":5}},"56":{"start":{"line":131,"column":7},"end":{"line":131,"column":61}},"57":{"start":{"line":134,"column":26},"end":{"line":134,"column":68}},"58":{"start":{"line":136,"column":4},"end":{"line":141,"column":6}},"59":{"start":{"line":12,"column":13},"end":{"line":12,"column":25}},"60":{"start":{"line":12,"column":13},"end":{"line":143,"column":null}}},"fnMap":{"0":{"name":"(anonymous_4)","decl":{"start":{"line":15,"column":2},"end":{"line":15,"column":null}},"loc":{"start":{"line":20,"column":51},"end":{"line":21,"column":6}}},"1":{"name":"(anonymous_5)","decl":{"start":{"line":23,"column":2},"end":{"line":23,"column":7}},"loc":{"start":{"line":24,"column":18},"end":{"line":106,"column":3}}},"2":{"name":"(anonymous_6)","decl":{"start":{"line":69,"column":51},"end":{"line":69,"column":52}},"loc":{"start":{"line":69,"column":60},"end":{"line":75,"column":11}}},"3":{"name":"(anonymous_7)","decl":{"start":{"line":83,"column":38},"end":{"line":83,"column":39}},"loc":{"start":{"line":83,"column":48},"end":{"line":83,"column":64}}},"4":{"name":"(anonymous_8)","decl":{"start":{"line":108,"column":2},"end":{"line":108,"column":7}},"loc":{"start":{"line":112,"column":19},"end":{"line":142,"column":3}}}},"branchMap":{"0":{"loc":{"start":{"line":40,"column":8},"end":{"line":53,"column":9}},"type":"if","locations":[{"start":{"line":40,"column":8},"end":{"line":53,"column":9}}]},"1":{"loc":{"start":{"line":40,"column":12},"end":{"line":40,"column":68}},"type":"binary-expr","locations":[{"start":{"line":40,"column":12},"end":{"line":40,"column":22}},{"start":{"line":40,"column":26},"end":{"line":40,"column":68}}]},"2":{"loc":{"start":{"line":43,"column":10},"end":{"line":52,"column":11}},"type":"if","locations":[{"start":{"line":43,"column":10},"end":{"line":52,"column":11}}]},"3":{"loc":{"start":{"line":59,"column":28},"end":{"line":59,"column":59}},"type":"binary-expr","locations":[{"start":{"line":59,"column":28},"end":{"line":59,"column":38}},{"start":{"line":59,"column":42},"end":{"line":59,"column":59}}]},"4":{"loc":{"start":{"line":62,"column":27},"end":{"line":62,"column":48}},"type":"binary-expr","locations":[{"start":{"line":62,"column":27},"end":{"line":62,"column":40}},{"start":{"line":62,"column":44},"end":{"line":62,"column":48}}]},"5":{"loc":{"start":{"line":63,"column":35},"end":{"line":63,"column":64}},"type":"binary-expr","locations":[{"start":{"line":63,"column":35},"end":{"line":63,"column":56}},{"start":{"line":63,"column":60},"end":{"line":63,"column":64}}]},"6":{"loc":{"start":{"line":67,"column":8},"end":{"line":93,"column":9}},"type":"if","locations":[{"start":{"line":67,"column":8},"end":{"line":93,"column":9}},{"start":{"line":91,"column":15},"end":{"line":93,"column":9}}]},"7":{"loc":{"start":{"line":80,"column":10},"end":{"line":90,"column":11}},"type":"if","locations":[{"start":{"line":80,"column":10},"end":{"line":90,"column":11}}]},"8":{"loc":{"start":{"line":109,"column":4},"end":{"line":109,"column":20}},"type":"default-arg","locations":[{"start":{"line":109,"column":19},"end":{"line":109,"column":20}}]},"9":{"loc":{"start":{"line":110,"column":4},"end":{"line":110,"column":22}},"type":"default-arg","locations":[{"start":{"line":110,"column":20},"end":{"line":110,"column":22}}]},"10":{"loc":{"start":{"line":126,"column":4},"end":{"line":128,"column":5}},"type":"if","locations":[{"start":{"line":126,"column":4},"end":{"line":128,"column":5}}]},"11":{"loc":{"start":{"line":126,"column":8},"end":{"line":126,"column":30}},"type":"binary-expr","locations":[{"start":{"line":126,"column":8},"end":{"line":126,"column":12}},{"start":{"line":126,"column":16},"end":{"line":126,"column":30}}]},"12":{"loc":{"start":{"line":130,"column":4},"end":{"line":132,"column":5}},"type":"if","locations":[{"start":{"line":130,"column":4},"end":{"line":132,"column":5}}]}},"s":{"0":2,"1":2,"2":2,"3":2,"4":2,"5":2,"6":2,"7":2,"8":4,"9":4,"10":4,"11":4,"12":3,"13":3,"14":3,"15":3,"16":3,"17":3,"18":3,"19":3,"20":3,"21":2,"22":2,"23":1,"24":1,"25":1,"26":1,"27":2,"28":2,"29":2,"30":2,"31":2,"32":2,"33":2,"34":2,"35":2,"36":1,"37":1,"38":1,"39":1,"40":1,"41":1,"42":1,"43":1,"44":1,"45":1,"46":1,"47":1,"48":1,"49":0,"50":0,"51":3,"52":1,"53":1,"54":1,"55":1,"56":1,"57":1,"58":1,"59":2,"60":2},"f":{"0":4,"1":3,"2":1,"3":1,"4":1},"b":{"0":[2],"1":[3,2],"2":[1],"3":[2,1],"4":[2,1],"5":[2,1],"6":[1,1],"7":[1],"8":[0],"9":[0],"10":[1],"11":[1,1],"12":[1]}}
,"/Users/lap15616/Documents/hanp2/projects/media-scraper/apps/backend/src/scraper/scraped-page.entity.ts": {"path":"/Users/lap15616/Documents/hanp2/projects/media-scraper/apps/backend/src/scraper/scraped-page.entity.ts","statementMap":{"0":{"start":{"line":1,"column":0},"end":{"line":1,"column":null}},"1":{"start":{"line":9,"column":0},"end":{"line":9,"column":null}},"2":{"start":{"line":10,"column":2},"end":{"line":10,"column":null}},"3":{"start":{"line":11,"column":2},"end":{"line":11,"column":null}},"4":{"start":{"line":12,"column":2},"end":{"line":12,"column":null}},"5":{"start":{"line":16,"column":7},"end":{"line":38,"column":null}},"6":{"start":{"line":16,"column":13},"end":{"line":16,"column":24}},"7":{"start":{"line":18,"column":2},"end":{"line":18,"column":null}},"8":{"start":{"line":22,"column":2},"end":{"line":22,"column":null}},"9":{"start":{"line":25,"column":2},"end":{"line":25,"column":null}},"10":{"start":{"line":31,"column":2},"end":{"line":31,"column":null}},"11":{"start":{"line":34,"column":2},"end":{"line":34,"column":null}},"12":{"start":{"line":37,"column":2},"end":{"line":37,"column":null}},"13":{"start":{"line":16,"column":13},"end":{"line":38,"column":null}}},"fnMap":{"0":{"name":"(anonymous_2)","decl":{"start":{"line":9,"column":0},"end":{"line":9,"column":12}},"loc":{"start":{"line":9,"column":24},"end":{"line":13,"column":1}}}},"branchMap":{"0":{"loc":{"start":{"line":9,"column":12},"end":{"line":9,"column":null}},"type":"binary-expr","locations":[{"start":{"line":9,"column":12},"end":{"line":9,"column":24}},{"start":{"line":9,"column":24},"end":{"line":9,"column":null}}]}},"s":{"0":3,"1":3,"2":3,"3":3,"4":3,"5":3,"6":3,"7":3,"8":3,"9":3,"10":3,"11":3,"12":3,"13":3},"f":{"0":3},"b":{"0":[3,3]}}
,"/Users/lap15616/Documents/hanp2/projects/media-scraper/apps/backend/src/scraper/scraper.service.ts": {"path":"/Users/lap15616/Documents/hanp2/projects/media-scraper/apps/backend/src/scraper/scraper.service.ts","statementMap":{"0":{"start":{"line":1,"column":0},"end":{"line":1,"column":52}},"1":{"start":{"line":2,"column":0},"end":{"line":2,"column":47}},"2":{"start":{"line":3,"column":0},"end":{"line":3,"column":35}},"3":{"start":{"line":4,"column":0},"end":{"line":4,"column":33}},"4":{"start":{"line":5,"column":0},"end":{"line":5,"column":53}},"5":{"start":{"line":21,"column":27},"end":{"line":113,"column":null}},"6":{"start":{"line":22,"column":28},"end":{"line":22,"column":59}},"7":{"start":{"line":25,"column":4},"end":{"line":101,"column":5}},"8":{"start":{"line":26,"column":6},"end":{"line":26,"column":50}},"9":{"start":{"line":27,"column":29},"end":{"line":32,"column":8}},"10":{"start":{"line":34,"column":19},"end":{"line":34,"column":73}},"11":{"start":{"line":35,"column":16},"end":{"line":35,"column":34}},"12":{"start":{"line":36,"column":22},"end":{"line":36,"column":40}},"13":{"start":{"line":37,"column":38},"end":{"line":37,"column":40}},"14":{"start":{"line":40,"column":24},"end":{"line":46,"column":7}},"15":{"start":{"line":41,"column":8},"end":{"line":45,"column":9}},"16":{"start":{"line":42,"column":10},"end":{"line":42,"column":44}},"17":{"start":{"line":44,"column":10},"end":{"line":44,"column":22}},"18":{"start":{"line":49,"column":6},"end":{"line":56,"column":9}},"19":{"start":{"line":50,"column":20},"end":{"line":50,"column":37}},"20":{"start":{"line":51,"column":8},"end":{"line":55,"column":9}},"21":{"start":{"line":52,"column":29},"end":{"line":52,"column":43}},"22":{"start":{"line":53,"column":10},"end":{"line":54,"column":72}},"23":{"start":{"line":54,"column":12},"end":{"line":54,"column":72}},"24":{"start":{"line":59,"column":6},"end":{"line":77,"column":9}},"25":{"start":{"line":60,"column":20},"end":{"line":60,"column":37}},"26":{"start":{"line":61,"column":8},"end":{"line":65,"column":9}},"27":{"start":{"line":62,"column":29},"end":{"line":62,"column":43}},"28":{"start":{"line":63,"column":10},"end":{"line":64,"column":72}},"29":{"start":{"line":64,"column":12},"end":{"line":64,"column":72}},"30":{"start":{"line":67,"column":8},"end":{"line":76,"column":13}},"31":{"start":{"line":70,"column":25},"end":{"line":70,"column":48}},"32":{"start":{"line":71,"column":12},"end":{"line":75,"column":13}},"33":{"start":{"line":72,"column":33},"end":{"line":72,"column":48}},"34":{"start":{"line":73,"column":14},"end":{"line":74,"column":76}},"35":{"start":{"line":74,"column":16},"end":{"line":74,"column":76}},"36":{"start":{"line":79,"column":6},"end":{"line":83,"column":8}},"37":{"start":{"line":85,"column":6},"end":{"line":85,"column":71}},"38":{"start":{"line":86,"column":19},"end":{"line":86,"column":38}},"39":{"start":{"line":87,"column":27},"end":{"line":87,"column":38}},"40":{"start":{"line":89,"column":6},"end":{"line":94,"column":7}},"41":{"start":{"line":90,"column":27},"end":{"line":90,"column":44}},"42":{"start":{"line":91,"column":8},"end":{"line":93,"column":9}},"43":{"start":{"line":92,"column":10},"end":{"line":92,"column":40}},"44":{"start":{"line":96,"column":6},"end":{"line":100,"column":8}},"45":{"start":{"line":106,"column":41},"end":{"line":106,"column":43}},"46":{"start":{"line":107,"column":4},"end":{"line":110,"column":5}},"47":{"start":{"line":108,"column":19},"end":{"line":108,"column":44}},"48":{"start":{"line":109,"column":6},"end":{"line":109,"column":41}},"49":{"start":{"line":111,"column":4},"end":{"line":111,"column":24}},"50":{"start":{"line":21,"column":13},"end":{"line":21,"column":27}},"51":{"start":{"line":21,"column":13},"end":{"line":113,"column":null}}},"fnMap":{"0":{"name":"(anonymous_1)","decl":{"start":{"line":24,"column":2},"end":{"line":24,"column":7}},"loc":{"start":{"line":24,"column":35},"end":{"line":102,"column":3}}},"1":{"name":"(anonymous_2)","decl":{"start":{"line":40,"column":24},"end":{"line":40,"column":25}},"loc":{"start":{"line":40,"column":40},"end":{"line":46,"column":7}}},"2":{"name":"(anonymous_3)","decl":{"start":{"line":49,"column":20},"end":{"line":49,"column":21}},"loc":{"start":{"line":49,"column":30},"end":{"line":56,"column":7}}},"3":{"name":"(anonymous_4)","decl":{"start":{"line":59,"column":22},"end":{"line":59,"column":23}},"loc":{"start":{"line":59,"column":32},"end":{"line":77,"column":7}}},"4":{"name":"(anonymous_5)","decl":{"start":{"line":69,"column":16},"end":{"line":69,"column":17}},"loc":{"start":{"line":69,"column":32},"end":{"line":76,"column":11}}},"5":{"name":"(anonymous_6)","decl":{"start":{"line":105,"column":2},"end":{"line":105,"column":7}},"loc":{"start":{"line":105,"column":33},"end":{"line":112,"column":3}}}},"branchMap":{"0":{"loc":{"start":{"line":51,"column":8},"end":{"line":55,"column":9}},"type":"if","locations":[{"start":{"line":51,"column":8},"end":{"line":55,"column":9}}]},"1":{"loc":{"start":{"line":53,"column":10},"end":{"line":54,"column":72}},"type":"if","locations":[{"start":{"line":53,"column":10},"end":{"line":54,"column":72}}]},"2":{"loc":{"start":{"line":61,"column":8},"end":{"line":65,"column":9}},"type":"if","locations":[{"start":{"line":61,"column":8},"end":{"line":65,"column":9}}]},"3":{"loc":{"start":{"line":63,"column":10},"end":{"line":64,"column":72}},"type":"if","locations":[{"start":{"line":63,"column":10},"end":{"line":64,"column":72}}]},"4":{"loc":{"start":{"line":71,"column":12},"end":{"line":75,"column":13}},"type":"if","locations":[{"start":{"line":71,"column":12},"end":{"line":75,"column":13}}]},"5":{"loc":{"start":{"line":73,"column":14},"end":{"line":74,"column":76}},"type":"if","locations":[{"start":{"line":73,"column":14},"end":{"line":74,"column":76}}]},"6":{"loc":{"start":{"line":89,"column":6},"end":{"line":94,"column":7}},"type":"if","locations":[{"start":{"line":89,"column":6},"end":{"line":94,"column":7}}]},"7":{"loc":{"start":{"line":91,"column":8},"end":{"line":93,"column":9}},"type":"if","locations":[{"start":{"line":91,"column":8},"end":{"line":93,"column":9}}]}},"s":{"0":3,"1":3,"2":3,"3":3,"4":3,"5":3,"6":5,"7":5,"8":5,"9":5,"10":3,"11":3,"12":3,"13":3,"14":3,"15":6,"16":6,"17":0,"18":3,"19":4,"20":4,"21":4,"22":4,"23":4,"24":3,"25":2,"26":2,"27":1,"28":1,"29":1,"30":2,"31":1,"32":1,"33":1,"34":1,"35":1,"36":3,"37":2,"38":2,"39":2,"40":2,"41":1,"42":1,"43":1,"44":2,"45":1,"46":1,"47":2,"48":2,"49":1,"50":3,"51":3},"f":{"0":5,"1":6,"2":4,"3":2,"4":1,"5":1},"b":{"0":[4],"1":[4],"2":[1],"3":[1],"4":[1],"5":[1],"6":[1],"7":[1]}}
}
