TN:
SF:src/app.controller.ts
FN:6,(anonymous_2)
FN:9,(anonymous_3)
FNF:2
FNH:2
FNDA:1,(anonymous_2)
FNDA:1,(anonymous_3)
DA:1,1
DA:2,1
DA:5,1
DA:6,1
DA:9,1
DA:10,1
LF:6
LH:6
BRF:0
BRH:0
end_of_record
TN:
SF:src/app.module.ts
FNF:0
FNH:0
DA:1,0
DA:2,0
DA:3,0
DA:4,0
DA:5,0
DA:6,0
DA:7,0
DA:26,0
LF:8
LH:0
BRF:0
BRH:0
end_of_record
TN:
SF:src/app.service.ts
FN:5,(anonymous_1)
FNF:1
FNH:1
FNDA:1,(anonymous_1)
DA:1,1
DA:4,1
DA:6,1
LF:3
LH:3
BRF:0
BRH:0
end_of_record
TN:
SF:src/main.ts
FN:6,bootstrap
FNF:1
FNH:0
FNDA:0,bootstrap
DA:1,0
DA:2,0
DA:3,0
DA:4,0
DA:7,0
DA:8,0
DA:10,0
DA:16,0
DA:17,0
DA:19,0
DA:21,0
LF:11
LH:0
BRF:0
BRH:0
end_of_record
TN:
SF:src/common/error-codes.ts
FN:1,(anonymous_0)
FNF:1
FNH:0
FNDA:0,(anonymous_0)
DA:1,0
DA:2,0
DA:3,0
DA:4,0
DA:5,0
DA:6,0
DA:9,0
LF:7
LH:0
BRDA:1,0,0,0
BRDA:1,0,1,0
BRF:2
BRH:0
end_of_record
TN:
SF:src/media/media.controller.ts
FN:14,(anonymous_4)
FN:36,(anonymous_5)
FN:47,(anonymous_6)
FNF:3
FNH:3
FNDA:4,(anonymous_4)
FNDA:1,(anonymous_5)
FNDA:2,(anonymous_6)
DA:1,1
DA:2,1
DA:9,1
DA:13,1
DA:14,4
DA:36,1
DA:37,1
DA:47,1
DA:53,2
LF:9
LH:9
BRDA:54,0,0,1
BRDA:54,0,1,1
BRDA:55,1,0,1
BRDA:55,1,1,1
BRF:4
BRH:4
end_of_record
TN:
SF:src/media/media.entity.ts
FNF:0
FNH:0
DA:1,2
DA:9,2
DA:11,2
DA:14,2
DA:17,2
DA:20,2
DA:23,2
LF:7
LH:7
BRF:0
BRH:0
end_of_record
TN:
SF:src/media/media.module.ts
FNF:0
FNH:0
DA:1,0
DA:2,0
DA:3,0
DA:4,0
DA:5,0
DA:6,0
DA:7,0
DA:14,0
LF:8
LH:0
BRF:0
BRH:0
end_of_record
TN:
SF:src/media/media.service.ts
FN:15,(anonymous_4)
FN:23,(anonymous_5)
FN:69,(anonymous_6)
FN:83,(anonymous_7)
FN:108,(anonymous_8)
FNF:5
FNH:5
FNDA:4,(anonymous_4)
FNDA:3,(anonymous_5)
FNDA:1,(anonymous_6)
FNDA:1,(anonymous_7)
FNDA:1,(anonymous_8)
DA:1,2
DA:2,2
DA:4,2
DA:5,2
DA:6,2
DA:7,2
DA:9,2
DA:12,2
DA:13,4
DA:17,4
DA:19,4
DA:20,4
DA:26,3
DA:28,3
DA:29,3
DA:30,3
DA:32,3
DA:33,3
DA:35,3
DA:38,3
DA:40,3
DA:42,2
DA:43,2
DA:44,1
DA:47,1
DA:50,1
DA:51,1
DA:56,2
DA:59,2
DA:60,2
DA:61,2
DA:62,2
DA:63,2
DA:64,2
DA:65,2
DA:67,2
DA:69,1
DA:70,1
DA:71,1
DA:72,1
DA:73,1
DA:74,1
DA:78,1
DA:80,1
DA:82,1
DA:83,1
DA:88,1
DA:89,1
DA:92,1
DA:95,0
DA:96,0
DA:100,3
DA:119,1
DA:126,1
DA:127,1
DA:130,1
DA:131,1
DA:134,1
DA:136,1
LF:59
LH:57
BRDA:40,0,0,2
BRDA:40,1,0,3
BRDA:40,1,1,2
BRDA:43,2,0,1
BRDA:59,3,0,2
BRDA:59,3,1,1
BRDA:62,4,0,2
BRDA:62,4,1,1
BRDA:63,5,0,2
BRDA:63,5,1,1
BRDA:67,6,0,1
BRDA:67,6,1,1
BRDA:80,7,0,1
BRDA:109,8,0,0
BRDA:110,9,0,0
BRDA:126,10,0,1
BRDA:126,11,0,1
BRDA:126,11,1,1
BRDA:130,12,0,1
BRF:19
BRH:17
end_of_record
TN:
SF:src/scraper/scraped-page.entity.ts
FN:9,(anonymous_2)
FNF:1
FNH:1
FNDA:3,(anonymous_2)
DA:1,3
DA:9,3
DA:10,3
DA:11,3
DA:12,3
DA:16,3
DA:18,3
DA:22,3
DA:25,3
DA:31,3
DA:34,3
DA:37,3
LF:12
LH:12
BRDA:9,0,0,3
BRDA:9,0,1,3
BRF:2
BRH:2
end_of_record
TN:
SF:src/scraper/scraper.service.ts
FN:24,(anonymous_1)
FN:40,(anonymous_2)
FN:49,(anonymous_3)
FN:59,(anonymous_4)
FN:69,(anonymous_5)
FN:105,(anonymous_6)
FNF:6
FNH:6
FNDA:5,(anonymous_1)
FNDA:6,(anonymous_2)
FNDA:4,(anonymous_3)
FNDA:2,(anonymous_4)
FNDA:1,(anonymous_5)
FNDA:1,(anonymous_6)
DA:1,3
DA:2,3
DA:3,3
DA:4,3
DA:5,3
DA:21,3
DA:22,5
DA:25,5
DA:26,5
DA:27,5
DA:34,3
DA:35,3
DA:36,3
DA:37,3
DA:40,3
DA:41,6
DA:42,6
DA:44,0
DA:49,3
DA:50,4
DA:51,4
DA:52,4
DA:53,4
DA:54,4
DA:59,3
DA:60,2
DA:61,2
DA:62,1
DA:63,1
DA:64,1
DA:67,2
DA:70,1
DA:71,1
DA:72,1
DA:73,1
DA:74,1
DA:79,3
DA:85,2
DA:86,2
DA:87,2
DA:89,2
DA:90,1
DA:91,1
DA:92,1
DA:96,2
DA:106,1
DA:107,1
DA:108,2
DA:109,2
DA:111,1
LF:50
LH:49
BRDA:51,0,0,4
BRDA:53,1,0,4
BRDA:61,2,0,1
BRDA:63,3,0,1
BRDA:71,4,0,1
BRDA:73,5,0,1
BRDA:89,6,0,1
BRDA:91,7,0,1
BRF:8
BRH:8
end_of_record
