{"/Users/lap15616/Documents/hanp2/projects/media-scraper/apps/frontend/src/application/useGetMediaList.ts": {"path":"/Users/lap15616/Documents/hanp2/projects/media-scraper/apps/frontend/src/application/useGetMediaList.ts","statementMap":{"0":{"start":{"line":1,"column":0},"end":{"line":1,"column":57}},"1":{"start":{"line":3,"column":31},"end":{"line":39,"column":1}},"2":{"start":{"line":23,"column":6},"end":{"line":29,"column":4}},"3":{"start":{"line":25,"column":32},"end":{"line":25,"column":79}},"4":{"start":{"line":28,"column":6},"end":{"line":28,"column":73}},"5":{"start":{"line":31,"column":2},"end":{"line":38,"column":4}},"6":{"start":{"line":3,"column":13},"end":{"line":3,"column":31}}},"fnMap":{"0":{"name":"(anonymous_0)","decl":{"start":{"line":3,"column":31},"end":{"line":3,"column":32}},"loc":{"start":{"line":15,"column":5},"end":{"line":39,"column":1}}},"1":{"name":"(anonymous_1)","decl":{"start":{"line":25,"column":13},"end":{"line":25,"column":14}},"loc":{"start":{"line":25,"column":32},"end":{"line":25,"column":79}}},"2":{"name":"(anonymous_2)","decl":{"start":{"line":27,"column":22},"end":{"line":27,"column":23}},"loc":{"start":{"line":28,"column":6},"end":{"line":28,"column":73}}}},"branchMap":{"0":{"loc":{"start":{"line":28,"column":6},"end":{"line":28,"column":73}},"type":"cond-expr","locations":[{"start":{"line":28,"column":44},"end":{"line":28,"column":61}},{"start":{"line":28,"column":64},"end":{"line":28,"column":73}}]}},"s":{"0":1,"1":1,"2":6,"3":4,"4":13,"5":6,"6":1},"f":{"0":6,"1":4,"2":13},"b":{"0":[9,4]}}
,"/Users/lap15616/Documents/hanp2/projects/media-scraper/apps/frontend/src/presentation/components/Search.tsx": {"path":"/Users/lap15616/Documents/hanp2/projects/media-scraper/apps/frontend/src/presentation/components/Search.tsx","statementMap":{"0":{"start":{"line":1,"column":0},"end":{"line":1,"column":55}},"1":{"start":{"line":7,"column":22},"end":{"line":28,"column":1}},"2":{"start":{"line":8,"column":2},"end":{"line":27,"column":4}},"3":{"start":{"line":15,"column":25},"end":{"line":15,"column":50}},"4":{"start":{"line":20,"column":25},"end":{"line":20,"column":38}},"5":{"start":{"line":7,"column":13},"end":{"line":7,"column":22}}},"fnMap":{"0":{"name":"(anonymous_0)","decl":{"start":{"line":7,"column":22},"end":{"line":7,"column":23}},"loc":{"start":{"line":7,"column":61},"end":{"line":28,"column":1}}},"1":{"name":"(anonymous_1)","decl":{"start":{"line":15,"column":18},"end":{"line":15,"column":19}},"loc":{"start":{"line":15,"column":25},"end":{"line":15,"column":50}}},"2":{"name":"(anonymous_2)","decl":{"start":{"line":20,"column":19},"end":{"line":20,"column":22}},"loc":{"start":{"line":20,"column":25},"end":{"line":20,"column":38}}}},"branchMap":{"0":{"loc":{"start":{"line":18,"column":7},"end":{"line":24,"column":null}},"type":"binary-expr","locations":[{"start":{"line":18,"column":7},"end":{"line":18,"column":13}},{"start":{"line":19,"column":8},"end":{"line":23,"column":null}}]}},"s":{"0":1,"1":1,"2":5,"3":1,"4":1,"5":1},"f":{"0":5,"1":1,"2":1},"b":{"0":[5,3]}}
,"/Users/lap15616/Documents/hanp2/projects/media-scraper/apps/frontend/src/utils/debounce.ts": {"path":"/Users/lap15616/Documents/hanp2/projects/media-scraper/apps/frontend/src/utils/debounce.ts","statementMap":{"0":{"start":{"line":1,"column":0},"end":{"line":1,"column":16}},"1":{"start":{"line":5,"column":54},"end":{"line":5,"column":58}},"2":{"start":{"line":7,"column":2},"end":{"line":18,"column":4}},"3":{"start":{"line":8,"column":18},"end":{"line":11,"column":5}},"4":{"start":{"line":9,"column":6},"end":{"line":9,"column":21}},"5":{"start":{"line":10,"column":6},"end":{"line":10,"column":20}},"6":{"start":{"line":13,"column":4},"end":{"line":15,"column":5}},"7":{"start":{"line":14,"column":6},"end":{"line":14,"column":28}},"8":{"start":{"line":17,"column":4},"end":{"line":17,"column":38}}},"fnMap":{"0":{"name":"debounce","decl":{"start":{"line":1,"column":16},"end":{"line":1,"column":24}},"loc":{"start":{"line":3,"column":14},"end":{"line":19,"column":1}}},"1":{"name":"executedFunction","decl":{"start":{"line":7,"column":18},"end":{"line":7,"column":34}},"loc":{"start":{"line":7,"column":57},"end":{"line":18,"column":3}}},"2":{"name":"(anonymous_2)","decl":{"start":{"line":8,"column":18},"end":{"line":8,"column":21}},"loc":{"start":{"line":8,"column":23},"end":{"line":11,"column":5}}}},"branchMap":{"0":{"loc":{"start":{"line":13,"column":4},"end":{"line":15,"column":5}},"type":"if","locations":[{"start":{"line":13,"column":4},"end":{"line":15,"column":5}}]}},"s":{"0":2,"1":7,"2":7,"3":7,"4":6,"5":6,"6":7,"7":1,"8":7},"f":{"0":7,"1":7,"2":6},"b":{"0":[1]}}
,"/Users/lap15616/Documents/hanp2/projects/media-scraper/apps/frontend/src/utils/useCopyToClipboard.ts": {"path":"/Users/lap15616/Documents/hanp2/projects/media-scraper/apps/frontend/src/utils/useCopyToClipboard.ts","statementMap":{"0":{"start":{"line":1,"column":0},"end":{"line":1,"column":33}},"1":{"start":{"line":3,"column":31},"end":{"line":5,"column":1}},"2":{"start":{"line":4,"column":2},"end":{"line":4,"column":38}},"3":{"start":{"line":3,"column":13},"end":{"line":3,"column":31}},"4":{"start":{"line":7,"column":34},"end":{"line":16,"column":1}},"5":{"start":{"line":8,"column":34},"end":{"line":8,"column":63}},"6":{"start":{"line":9,"column":21},"end":{"line":14,"column":3}},"7":{"start":{"line":10,"column":4},"end":{"line":10,"column":24}},"8":{"start":{"line":11,"column":4},"end":{"line":11,"column":25}},"9":{"start":{"line":12,"column":4},"end":{"line":12,"column":20}},"10":{"start":{"line":13,"column":4},"end":{"line":13,"column":46}},"11":{"start":{"line":13,"column":21},"end":{"line":13,"column":38}},"12":{"start":{"line":15,"column":2},"end":{"line":15,"column":34}},"13":{"start":{"line":7,"column":13},"end":{"line":7,"column":34}}},"fnMap":{"0":{"name":"(anonymous_0)","decl":{"start":{"line":3,"column":31},"end":{"line":3,"column":32}},"loc":{"start":{"line":3,"column":48},"end":{"line":5,"column":1}}},"1":{"name":"(anonymous_1)","decl":{"start":{"line":7,"column":34},"end":{"line":7,"column":37}},"loc":{"start":{"line":7,"column":39},"end":{"line":16,"column":1}}},"2":{"name":"(anonymous_2)","decl":{"start":{"line":9,"column":21},"end":{"line":9,"column":22}},"loc":{"start":{"line":9,"column":70},"end":{"line":14,"column":3}}},"3":{"name":"(anonymous_3)","decl":{"start":{"line":13,"column":15},"end":{"line":13,"column":18}},"loc":{"start":{"line":13,"column":21},"end":{"line":13,"column":38}}}},"branchMap":{},"s":{"0":1,"1":1,"2":2,"3":1,"4":1,"5":3,"6":3,"7":1,"8":1,"9":1,"10":1,"11":1,"12":3,"13":1},"f":{"0":2,"1":3,"2":1,"3":1},"b":{}}
,"/Users/lap15616/Documents/hanp2/projects/media-scraper/apps/frontend/src/utils/useInfiniteScroll.ts": {"path":"/Users/lap15616/Documents/hanp2/projects/media-scraper/apps/frontend/src/utils/useInfiniteScroll.ts","statementMap":{"0":{"start":{"line":13,"column":0},"end":{"line":13,"column":16}},"1":{"start":{"line":1,"column":0},"end":{"line":1,"column":64}},"2":{"start":{"line":2,"column":0},"end":{"line":2,"column":38}},"3":{"start":{"line":4,"column":22},"end":{"line":4,"column":25}},"4":{"start":{"line":5,"column":26},"end":{"line":5,"column":29}},"5":{"start":{"line":19,"column":25},"end":{"line":19,"column":53}},"6":{"start":{"line":21,"column":23},"end":{"line":30,"column":49}},"7":{"start":{"line":22,"column":4},"end":{"line":22,"column":65}},"8":{"start":{"line":22,"column":58},"end":{"line":22,"column":65}},"9":{"start":{"line":24,"column":20},"end":{"line":24,"column":42}},"10":{"start":{"line":25,"column":17},"end":{"line":25,"column":48}},"11":{"start":{"line":27,"column":4},"end":{"line":29,"column":5}},"12":{"start":{"line":28,"column":6},"end":{"line":28,"column":19}},"13":{"start":{"line":32,"column":32},"end":{"line":34,"column":null}},"14":{"start":{"line":33,"column":10},"end":{"line":33,"column":47}},"15":{"start":{"line":37,"column":2},"end":{"line":40,"column":30}},"16":{"start":{"line":38,"column":4},"end":{"line":38,"column":61}},"17":{"start":{"line":39,"column":4},"end":{"line":39,"column":77}},"18":{"start":{"line":39,"column":17},"end":{"line":39,"column":76}},"19":{"start":{"line":42,"column":2},"end":{"line":42,"column":24}}},"fnMap":{"0":{"name":"useInfiniteScroll","decl":{"start":{"line":13,"column":16},"end":{"line":13,"column":33}},"loc":{"start":{"line":18,"column":27},"end":{"line":43,"column":1}}},"1":{"name":"(anonymous_1)","decl":{"start":{"line":21,"column":35},"end":{"line":21,"column":38}},"loc":{"start":{"line":21,"column":40},"end":{"line":30,"column":3}}},"2":{"name":"(anonymous_2)","decl":{"start":{"line":33,"column":4},"end":{"line":33,"column":7}},"loc":{"start":{"line":33,"column":10},"end":{"line":33,"column":47}}},"3":{"name":"(anonymous_3)","decl":{"start":{"line":37,"column":12},"end":{"line":37,"column":15}},"loc":{"start":{"line":37,"column":17},"end":{"line":40,"column":3}}},"4":{"name":"(anonymous_4)","decl":{"start":{"line":39,"column":11},"end":{"line":39,"column":14}},"loc":{"start":{"line":39,"column":17},"end":{"line":39,"column":76}}}},"branchMap":{"0":{"loc":{"start":{"line":14,"column":2},"end":{"line":14,"column":31}},"type":"default-arg","locations":[{"start":{"line":14,"column":14},"end":{"line":14,"column":31}}]},"1":{"loc":{"start":{"line":22,"column":4},"end":{"line":22,"column":65}},"type":"if","locations":[{"start":{"line":22,"column":4},"end":{"line":22,"column":65}}]},"2":{"loc":{"start":{"line":22,"column":8},"end":{"line":22,"column":56}},"type":"binary-expr","locations":[{"start":{"line":22,"column":8},"end":{"line":22,"column":31}},{"start":{"line":22,"column":35},"end":{"line":22,"column":44}},{"start":{"line":22,"column":48},"end":{"line":22,"column":56}}]},"3":{"loc":{"start":{"line":27,"column":4},"end":{"line":29,"column":5}},"type":"if","locations":[{"start":{"line":27,"column":4},"end":{"line":29,"column":5}}]}},"s":{"0":1,"1":1,"2":1,"3":1,"4":1,"5":4,"6":4,"7":3,"8":2,"9":1,"10":1,"11":1,"12":1,"13":4,"14":4,"15":4,"16":4,"17":4,"18":4,"19":4},"f":{"0":4,"1":3,"2":4,"3":4,"4":4},"b":{"0":[3],"1":[2],"2":[3,3,2],"3":[1]}}
}
