TN:
SF:src/application/useGetMediaList.ts
FN:3,(anonymous_0)
FN:25,(anonymous_1)
FN:27,(anonymous_2)
FNF:3
FNH:3
FNDA:6,(anonymous_0)
FNDA:4,(anonymous_1)
FNDA:13,(anonymous_2)
DA:1,1
DA:3,1
DA:23,6
DA:25,4
DA:28,13
DA:31,6
LF:6
LH:6
BRDA:28,0,0,9
BRDA:28,0,1,4
BRF:2
BRH:2
end_of_record
TN:
SF:src/presentation/components/Search.tsx
FN:7,(anonymous_0)
FN:15,(anonymous_1)
FN:20,(anonymous_2)
FNF:3
FNH:3
FNDA:5,(anonymous_0)
FNDA:1,(anonymous_1)
FNDA:1,(anonymous_2)
DA:1,1
DA:7,1
DA:8,5
DA:15,1
DA:20,1
LF:5
LH:5
BRDA:18,0,0,5
BRDA:18,0,1,3
BRF:2
BRH:2
end_of_record
TN:
SF:src/utils/debounce.ts
FN:1,debounce
FN:7,executedFunction
FN:8,(anonymous_2)
FNF:3
FNH:3
FNDA:7,debounce
FNDA:7,executedFunction
FNDA:6,(anonymous_2)
DA:1,2
DA:5,7
DA:7,7
DA:8,7
DA:9,6
DA:10,6
DA:13,7
DA:14,1
DA:17,7
LF:9
LH:9
BRDA:13,0,0,1
BRF:1
BRH:1
end_of_record
TN:
SF:src/utils/useCopyToClipboard.ts
FN:3,(anonymous_0)
FN:7,(anonymous_1)
FN:9,(anonymous_2)
FN:13,(anonymous_3)
FNF:4
FNH:4
FNDA:2,(anonymous_0)
FNDA:3,(anonymous_1)
FNDA:1,(anonymous_2)
FNDA:1,(anonymous_3)
DA:1,1
DA:3,1
DA:4,2
DA:7,1
DA:8,3
DA:9,3
DA:10,1
DA:11,1
DA:12,1
DA:13,1
DA:15,3
LF:11
LH:11
BRF:0
BRH:0
end_of_record
TN:
SF:src/utils/useInfiniteScroll.ts
FN:13,useInfiniteScroll
FN:21,(anonymous_1)
FN:33,(anonymous_2)
FN:37,(anonymous_3)
FN:39,(anonymous_4)
FNF:5
FNH:5
FNDA:4,useInfiniteScroll
FNDA:3,(anonymous_1)
FNDA:4,(anonymous_2)
FNDA:4,(anonymous_3)
FNDA:4,(anonymous_4)
DA:1,1
DA:2,1
DA:4,1
DA:5,1
DA:13,1
DA:19,4
DA:21,4
DA:22,3
DA:24,1
DA:25,1
DA:27,1
DA:28,1
DA:32,4
DA:33,4
DA:37,4
DA:38,4
DA:39,4
DA:42,4
LF:18
LH:18
BRDA:14,0,0,3
BRDA:22,1,0,2
BRDA:22,2,0,3
BRDA:22,2,1,3
BRDA:22,2,2,2
BRDA:27,3,0,1
BRF:6
BRH:6
end_of_record
